<?xml version="1.0" encoding="UTF-8"?>
<coverage generated="1768407927110" clover="3.2.0">
  <project timestamp="1768407927110" name="All files">
    <metrics statements="16" coveredstatements="10" conditionals="2" coveredconditionals="1" methods="8" coveredmethods="4" elements="26" coveredelements="15" complexity="0" loc="16" ncloc="16" packages="2" files="2" classes="2"/>
    <package name="carrinho">
      <metrics statements="12" coveredstatements="7" conditionals="2" coveredconditionals="1" methods="6" coveredmethods="3"/>
      <file name="carrinho.js" path="D:\back-end\jest\carrinho\carrinho\carrinho.js">
        <metrics statements="12" coveredstatements="7" conditionals="2" coveredconditionals="1" methods="6" coveredmethods="3"/>
        <line num="3" count="4" type="stmt"/>
        <line num="4" count="4" type="stmt"/>
        <line num="5" count="4" type="stmt"/>
        <line num="6" count="4" type="stmt"/>
        <line num="10" count="2" type="stmt"/>
        <line num="14" count="0" type="stmt"/>
        <line num="18" count="0" type="stmt"/>
        <line num="19" count="0" type="stmt"/>
        <line num="23" count="1" type="cond" truecount="1" falsecount="1"/>
        <line num="24" count="1" type="stmt"/>
        <line num="27" count="0" type="stmt"/>
        <line num="29" count="0" type="stmt"/>
      </file>
    </package>
    <package name="item">
      <metrics statements="4" coveredstatements="3" conditionals="0" coveredconditionals="0" methods="2" coveredmethods="1"/>
      <file name="item.js" path="D:\back-end\jest\carrinho\item\item.js">
        <metrics statements="4" coveredstatements="3" conditionals="0" coveredconditionals="0" methods="2" coveredmethods="1"/>
        <line num="3" count="2" type="stmt"/>
        <line num="4" count="2" type="stmt"/>
        <line num="5" count="2" type="stmt"/>
        <line num="9" count="0" type="stmt"/>
      </file>
    </package>
  </project>
</coverage>
