<?xml version="1.0" encoding="UTF-8"?>
<coverage generated="1768866100237" clover="3.2.0">
  <project timestamp="1768866100238" name="All files">
    <metrics statements="40" coveredstatements="26" conditionals="16" coveredconditionals="12" methods="19" coveredmethods="11" elements="75" coveredelements="49" complexity="0" loc="40" ncloc="40" packages="2" files="2" classes="2"/>
    <package name="models">
      <metrics statements="21" coveredstatements="8" conditionals="8" coveredconditionals="4" methods="9" coveredmethods="2"/>
      <file name="livro.js" path="D:\back-end\api-jest\src\models\livro.js">
        <metrics statements="21" coveredstatements="8" conditionals="8" coveredconditionals="4" methods="9" coveredmethods="2"/>
        <line num="15" count="1" type="cond" truecount="2" falsecount="0"/>
        <line num="16" count="1" type="stmt"/>
        <line num="17" count="1" type="stmt"/>
        <line num="18" count="1" type="stmt"/>
        <line num="19" count="1" type="stmt"/>
        <line num="20" count="1" type="cond" truecount="1" falsecount="1"/>
        <line num="21" count="1" type="cond" truecount="1" falsecount="1"/>
        <line num="25" count="0" type="stmt"/>
        <line num="29" count="0" type="stmt"/>
        <line num="30" count="0" type="stmt"/>
        <line num="34" count="1" type="stmt"/>
        <line num="35" count="0" type="stmt"/>
        <line num="37" count="0" type="stmt"/>
        <line num="42" count="0" type="stmt"/>
        <line num="46" count="0" type="stmt"/>
        <line num="51" count="0" type="stmt"/>
        <line num="60" count="0" type="cond" truecount="0" falsecount="2"/>
        <line num="61" count="0" type="stmt"/>
        <line num="62" count="0" type="stmt"/>
        <line num="64" count="0" type="stmt"/>
        <line num="65" count="0" type="stmt"/>
      </file>
    </package>
    <package name="models.editora">
      <metrics statements="19" coveredstatements="18" conditionals="8" coveredconditionals="8" methods="10" coveredmethods="9"/>
      <file name="editora.js" path="D:\back-end\api-jest\src\models\editora\editora.js">
        <metrics statements="19" coveredstatements="18" conditionals="8" coveredconditionals="8" methods="10" coveredmethods="9"/>
        <line num="7" count="8" type="cond" truecount="2" falsecount="0"/>
        <line num="8" count="8" type="stmt"/>
        <line num="9" count="8" type="stmt"/>
        <line num="10" count="8" type="stmt"/>
        <line num="11" count="8" type="cond" truecount="2" falsecount="0"/>
        <line num="12" count="8" type="cond" truecount="2" falsecount="0"/>
        <line num="16" count="2" type="stmt"/>
        <line num="20" count="3" type="stmt"/>
        <line num="21" count="3" type="stmt"/>
        <line num="25" count="2" type="stmt"/>
        <line num="27" count="2" type="stmt"/>
        <line num="28" count="2" type="stmt"/>
        <line num="33" count="2" type="stmt"/>
        <line num="37" count="2" type="stmt"/>
        <line num="42" count="1" type="stmt"/>
        <line num="49" count="4" type="cond" truecount="2" falsecount="0"/>
        <line num="50" count="2" type="stmt"/>
        <line num="52" count="2" type="stmt"/>
        <line num="56" count="0" type="stmt"/>
      </file>
    </package>
  </project>
</coverage>
