TN:
SF:src\models\editora\editora.js
FN:6,(anonymous_0)
FN:15,(anonymous_1)
FN:19,(anonymous_2)
FN:24,(anonymous_3)
FN:27,(anonymous_4)
FN:28,(anonymous_5)
FN:31,(anonymous_6)
FN:40,(anonymous_7)
FN:45,(anonymous_8)
FN:55,(anonymous_9)
FNF:10
FNH:7
FNDA:5,(anonymous_0)
FNDA:2,(anonymous_1)
FNDA:1,(anonymous_2)
FNDA:2,(anonymous_3)
FNDA:2,(anonymous_4)
FNDA:2,(anonymous_5)
FNDA:0,(anonymous_6)
FNDA:0,(anonymous_7)
FNDA:2,(anonymous_8)
FNDA:0,(anonymous_9)
DA:7,5
DA:8,5
DA:9,5
DA:10,5
DA:11,5
DA:12,5
DA:16,2
DA:20,1
DA:21,1
DA:25,2
DA:27,2
DA:28,2
DA:33,0
DA:37,0
DA:42,0
DA:49,2
DA:50,0
DA:52,2
DA:56,0
LF:19
LH:14
BRDA:7,0,0,5
BRDA:7,0,1,5
BRDA:11,1,0,5
BRDA:11,1,1,3
BRDA:12,2,0,5
BRDA:12,2,1,3
BRDA:49,3,0,0
BRDA:49,3,1,2
BRF:8
BRH:7
end_of_record
