TN:
SF:src\models\livro.js
FN:6,(anonymous_0)
FN:24,(anonymous_1)
FN:28,(anonymous_2)
FN:33,(anonymous_3)
FN:35,(anonymous_4)
FN:37,(anonymous_5)
FN:40,(anonymous_6)
FN:49,(anonymous_7)
FN:56,(anonymous_8)
FNF:9
FNH:2
FNDA:1,(anonymous_0)
FNDA:0,(anonymous_1)
FNDA:0,(anonymous_2)
FNDA:1,(anonymous_3)
FNDA:0,(anonymous_4)
FNDA:0,(anonymous_5)
FNDA:0,(anonymous_6)
FNDA:0,(anonymous_7)
FNDA:0,(anonymous_8)
DA:15,1
DA:16,1
DA:17,1
DA:18,1
DA:19,1
DA:20,1
DA:21,1
DA:25,0
DA:29,0
DA:30,0
DA:34,1
DA:35,0
DA:37,0
DA:42,0
DA:46,0
DA:51,0
DA:60,0
DA:61,0
DA:62,0
DA:64,0
DA:65,0
LF:21
LH:8
BRDA:15,0,0,1
BRDA:15,0,1,1
BRDA:20,1,0,1
BRDA:20,1,1,0
BRDA:21,2,0,1
BRDA:21,2,1,0
BRDA:60,3,0,0
BRDA:60,3,1,0
BRF:8
BRH:4
end_of_record
TN:
SF:src\models\editora\editora.js
FN:6,(anonymous_0)
FN:15,(anonymous_1)
FN:19,(anonymous_2)
FN:24,(anonymous_3)
FN:27,(anonymous_4)
FN:28,(anonymous_5)
FN:31,(anonymous_6)
FN:40,(anonymous_7)
FN:45,(anonymous_8)
FN:55,(anonymous_9)
FNF:10
FNH:9
FNDA:8,(anonymous_0)
FNDA:2,(anonymous_1)
FNDA:3,(anonymous_2)
FNDA:2,(anonymous_3)
FNDA:2,(anonymous_4)
FNDA:2,(anonymous_5)
FNDA:2,(anonymous_6)
FNDA:1,(anonymous_7)
FNDA:4,(anonymous_8)
FNDA:0,(anonymous_9)
DA:7,8
DA:8,8
DA:9,8
DA:10,8
DA:11,8
DA:12,8
DA:16,2
DA:20,3
DA:21,3
DA:25,2
DA:27,2
DA:28,2
DA:33,2
DA:37,2
DA:42,1
DA:49,4
DA:50,2
DA:52,2
DA:56,0
LF:19
LH:18
BRDA:7,0,0,8
BRDA:7,0,1,8
BRDA:11,1,0,8
BRDA:11,1,1,6
BRDA:12,2,0,8
BRDA:12,2,1,6
BRDA:49,3,0,2
BRDA:49,3,1,2
BRF:8
BRH:8
end_of_record
